0 info it worked if it ends with ok
1 verbose cli [ 'H:\\MM-200\\Node\\node.exe',
1 verbose cli   'H:\\MM-200\\Node\\node_modules\\npm\\bin\\npm-cli.js',
1 verbose cli   'start' ]
2 info using npm@3.10.10
3 info using node@v6.11.4
4 verbose run-script [ 'prestart', 'start', 'poststart' ]
5 info lifecycle server.@1.0.0~prestart: server.@1.0.0
6 silly lifecycle server.@1.0.0~prestart: no script for prestart, continuing
7 info lifecycle server.@1.0.0~start: server.@1.0.0
8 verbose lifecycle server.@1.0.0~start: unsafe-perm in lifecycle true
9 verbose lifecycle server.@1.0.0~start: PATH: H:\MM-200\Node\node_modules\npm\bin\node-gyp-bin;C:\Users\Mani39\node_exercise_2\node_modules\.bin;C:\Users\Mani39\AppData\Roaming\npm;H:\MM-200\Node\;C:\Program Files (x86)\NVIDIA Corporation\PhysX\Common;C:\Program Files\Common Files\Microsoft Shared\Windows Live;C:\Program Files (x86)\Common Files\Microsoft Shared\Windows Live;C:\Windows\system32;C:\Windows;C:\Windows\System32\Wbem;C:\Windows\System32\WindowsPowerShell\v1.0\;C:\Program Files (x86)\Windows Live\Shared;H:\MM-200\Node\;C:\Users\Mani39\AppData\Local\GitHubDesktop\bin;C:\Users\Mani39\AppData\Roaming\npm;
10 verbose lifecycle server.@1.0.0~start: CWD: C:\Users\Mani39\node_exercise_2
11 silly lifecycle server.@1.0.0~start: Args: [ '/d /s /c', 'node server.js' ]
12 verbose stack Error: kill ENOSYS
12 verbose stack     at Object.exports._errnoException (util.js:1020:11)
12 verbose stack     at process.kill (internal/process.js:191:18)
12 verbose stack     at process.listener (H:\MM-200\Node\node_modules\npm\node_modules\npmlog\node_modules\gauge\node_modules\signal-exit\index.js:86:15)
12 verbose stack     at emitNone (events.js:91:20)
12 verbose stack     at process.emit (events.js:185:7)
12 verbose stack     at processEmit (H:\MM-200\Node\node_modules\npm\node_modules\npmlog\node_modules\gauge\node_modules\signal-exit\index.js:146:32)
12 verbose stack     at processEmit (H:\MM-200\Node\node_modules\npm\node_modules\npm-registry-client\node_modules\npmlog\node_modules\gauge\node_modules\signal-exit\index.js:146:32)
12 verbose stack     at Signal.wrap.onsignal (internal/process.js:217:44)
13 verbose cwd C:\Users\Mani39\node_exercise_2
14 error Windows_NT 6.1.7601
15 error argv "H:\\MM-200\\Node\\node.exe" "H:\\MM-200\\Node\\node_modules\\npm\\bin\\npm-cli.js" "start"
16 error node v6.11.4
17 error npm  v3.10.10
18 error code ENOSYS
19 error errno ENOSYS
20 error syscall kill
21 error kill ENOSYS
22 error If you need help, you may report this error at:
22 error     <https://github.com/npm/npm/issues>
23 verbose exit [ 1, true ]
